\BOOKMARK [1][-]{section.1}{Problem, Motivation and Research Hypothesis}{}% 1
\BOOKMARK [2][-]{subsection.1.1}{Problem and Motivation}{section.1}% 2
\BOOKMARK [2][-]{subsection.1.2}{Research Hypothesis}{section.1}% 3
\BOOKMARK [1][-]{section.2}{Idea and Proposal}{}% 4
\BOOKMARK [1][-]{section.3}{Goals}{}% 5
\BOOKMARK [1][-]{section.4}{Methodology}{}% 6
\BOOKMARK [2][-]{subsection.4.1}{Literature Review}{section.4}% 7
\BOOKMARK [2][-]{subsection.4.2}{Algorithm Design}{section.4}% 8
\BOOKMARK [2][-]{subsection.4.3}{Algorithm Implementation}{section.4}% 9
\BOOKMARK [2][-]{subsection.4.4}{Experimentation}{section.4}% 10
\BOOKMARK [2][-]{subsection.4.5}{Analysis of Results}{section.4}% 11
\BOOKMARK [2][-]{subsection.4.6}{Conclusions and Documentation}{section.4}% 12
\BOOKMARK [1][-]{section.5}{Timeline}{}% 13
\BOOKMARK [1][-]{section.6}{Literature Review}{}% 14
\BOOKMARK [2][-]{subsection.6.1}{Feature Selection Techniques}{section.6}% 15
\BOOKMARK [3][-]{subsubsection.6.1.1}{The problem of feature selection}{subsection.6.1}% 16
\BOOKMARK [3][-]{subsubsection.6.1.2}{Filter Approach}{subsection.6.1}% 17
\BOOKMARK [3][-]{subsubsection.6.1.3}{Wrapper Approach}{subsection.6.1}% 18
\BOOKMARK [3][-]{subsubsection.6.1.4}{Embedded Approach}{subsection.6.1}% 19
\BOOKMARK [2][-]{subsection.6.2}{Machine Learning}{section.6}% 20
\BOOKMARK [3][-]{subsubsection.6.2.1}{Kernel Machines}{subsection.6.2}% 21
\BOOKMARK [3][-]{subsubsection.6.2.2}{Linear Learning Machines}{subsection.6.2}% 22
\BOOKMARK [2][-]{subsection.6.3}{Evolutionary Estimation of Probabilistic Distributions}{section.6}% 23
\BOOKMARK [3][-]{subsubsection.6.3.1}{Univariate EDAs}{subsection.6.3}% 24
\BOOKMARK [3][-]{subsubsection.6.3.2}{Multivariate EDAs}{subsection.6.3}% 25
\BOOKMARK [2][-]{subsection.6.4}{Feature Selection Techniques Using Estimation of Distribution Algorithms}{section.6}% 26
